[FECHA : 03-04-2020] - [HORA : 09:34:15] - [conversationID : 1234eyx328] - [Accion : /message]
[STATUS : 200] - [Resultado: [object Object]]
[FECHA : 03-04-2020] - [HORA : 09:37:50] - [conversationID : 1234eyx328] - [Accion : /message] 
 [STATUS : 200] - [Resultado: { context: { agent: false, callback: false, video: false },
  action: { type: 'continue' },
  messages: 
   [ { type: 'text', text: ' Bienvenido a nuestro asistente' },
     { type: 'text', text: ' Por favor indícame tu edad.' } ],
  additionalInfo: { key: 'RUT', RUT: '1-9' },
  estado: 'OK' }]
[FECHA] : 03-04-2020 - [HORA] : 09:40:07 - [conversationID] : 1234eyx328 - [Accion] : /message 
 [STATUS] : 200 - [Resultado] : 
{ context: { agent: false, callback: false, video: false },
  action: { type: 'continue' },
  messages: 
   [ { type: 'text', text: ' Bienvenido a nuestro asistente' },
     { type: 'text', text: ' Por favor indícame tu edad.' } ],
  additionalInfo: { key: 'RUT', RUT: '1-9' },
  estado: 'OK' }
*********************************03-04-2020 09:42:12*********************************
[FECHA] : 03-04-2020 - [HORA] : 09:42:12 - [conversationID] : 1234eyx328 - [Accion] : /message 
 [STATUS] : 200 - [Resultado] : 
{ context: { agent: false, callback: false, video: false },
  action: { type: 'continue' },
  messages: 
   [ { type: 'text', text: ' Bienvenido a nuestro asistente' },
     { type: 'text', text: ' Por favor indícame tu edad.' } ],
  additionalInfo: { key: 'RUT', RUT: '1-9' },
  estado: 'OK' }
*********************************03-04-2020 09:45:47*********************************
[FECHA] : 03-04-2020 - [HORA] : 09:45:47 - [conversationID] : 1234eyx328 - [Accion] : /message 
 [STATUS] : 200 - [Resultado] : 
{ context: { agent: false, callback: false, video: false },
  action: { type: 'continue' },
  messages: 
   [ { type: 'text', text: ' Bienvenido a nuestro asistente' },
     { type: 'text', text: ' Por favor indícame tu edad.' } ],
  additionalInfo: { key: 'RUT', RUT: '1-9' },
  estado: 'OK' }
*********************************03-04-2020 09:46:39*********************************
[FECHA] : 03-04-2020 - [HORA] : 09:46:39 - [conversationID] : 1234eyx328 - [Accion] : /message 
 [STATUS] : 200 - [Resultado] : 
{ context: { agent: false, callback: false, video: false },
  action: { type: 'continue' },
  messages: 
   [ { type: 'text', text: ' Bienvenido a nuestro asistente' },
     { type: 'text', text: ' Por favor indícame tu edad.' } ],
  additionalInfo: { key: 'RUT', RUT: '1-9' },
  estado: 'OK' }
*********************************03-04-2020 09:46:40*********************************
[FECHA] : 03-04-2020 - [HORA] : 09:46:40 - [conversationID] : 1234eyx328 - [Accion] : /message 
 [STATUS] : 200 - [Resultado] : 
{ context: { agent: false, callback: false, video: false },
  action: { type: 'continue' },
  messages: 
   [ { type: 'text', text: ' Bienvenido a nuestro asistente' },
     { type: 'text', text: ' Por favor indícame tu edad.' } ],
  additionalInfo: { key: 'RUT', RUT: '1-9' },
  estado: 'OK' }
*********************************06-04-2020 08:48:40*********************************
[FECHA] : 06-04-2020 - [HORA] : 08:48:40 - [conversationID] : undefined - [Accion] : /message 
 [STATUS] : 400 - [Resultado] : 
{ estado: 'El valor de apiVersion es requerido' }
*********************************06-04-2020 09:01:59*********************************
[FECHA] : 06-04-2020 - [HORA] : 09:01:59 - [conversationID] : undefined - [Accion] : /message 
 [STATUS] : 400 - [Resultado] : 
{ estado: 'El valor de apiVersion es requerido' }
