*********************************23-04-2020 18:00:01*********************************
[FECHA] : 23-04-2020 - [HORA] : 18:00:01 - [conversationID] : 1234eyx328 - [Accion] : /message 
 [STATUS] : 200 - [Resultado] : 
{
  context: { agent: false, callback: false, video: false },
  action: { type: 'continue', queue: '' },
  messages: [
    {
      type: 'text',
      text: '👋 Te damos la bienvenida a la GigaRed Claro, nuestro compromiso es mantenerte conectado.😊 $cr $cr Ingresa el número de la opción con la que necesitas apoyo: $cr $cr 1. Adquirir un plan nuevo, información de promociones o renovar mi servicio $cr 2. Gestiones y soporte de mis servicios actuales $cr ',
      mediaURL: ''
    }
  ],
  additionalInfo: { key: 'RUT', RUT: '1-9' }
}
****************************[DATOS DE ENTRADA]****************************
[apiVersion] : 1.0 	 [conversationID] : 1234eyx328 	 [authToken] :  dsrdsfrxw934df	 [channel] : messenger
 
*********************************23-04-2020 18:00:10*********************************
[FECHA] : 23-04-2020 - [HORA] : 18:00:10 - [conversationID] : 1234eyx328 - [Accion] : /message 
 [STATUS] : 200 - [Resultado] : 
{
  context: { agent: false, callback: false, video: false },
  action: { type: 'transfer', queue: 'GT_Wa_Ventas' },
  messages: [
    {
      type: 'text',
      text: 'En un momento serás atendido por uno de nuestros asesores 🤓 💻',
      mediaURL: ''
    }
  ],
  additionalInfo: { key: 'RUT', RUT: '1-9' }
}
****************************[DATOS DE ENTRADA]****************************
[apiVersion] : 1.0 	 [conversationID] : 1234eyx328 	 [authToken] :  dsrdsfrxw934df	 [channel] : messenger
 
